/*C1*/SET SCHEMA SYSTEM_LOBS
INSERT INTO BLOCKS VALUES(0,2147483647,0)
COMMIT
/*C2*/SET SCHEMA PUBLIC
CREATE TABLE IF NOT EXISTS clients (\u000a   id VARCHAR(50) NOT NULL, \u000a   fool_name VARCHAR(50) NOT NULL,\u000a   telephone_number VARCHAR(50) NOT NULL,\u000a    email VARCHAR(50) NOT NULL,\u000a    passport INT NOT NULL UNIQUE,\u000a    bank_id VARCHAR(50), \u000a    PRIMARY KEY (id) )
CREATE TABLE IF NOT EXISTS credits (\u000a   id VARCHAR(50) NOT NULL,\u000a   credit_limit INT NOT NULL,\u000a   interest_rate INT NOT NULL,\u000a   bank_id VARCHAR(50),\u000a    PRIMARY KEY (id) )
CREATE TABLE IF NOT EXISTS offers (\u000a   id VARCHAR(50) NOT NULL,\u000a   client_id VARCHAR(50) NOT NULL,\u000a   credit_id VARCHAR(50) NOT NULL,\u000a   credit_amount INT NOT NULL, \u000a   PRIMARY KEY (id),\u000a    CONSTRAINT client_id_fk \u000a    FOREIGN KEY (client_id)  REFERENCES clients (id), \u000a   CONSTRAINT credit_id_fk \u000a   FOREIGN KEY (credit_id)  REFERENCES credits (id))
CREATE TABLE IF NOT EXISTS banks (\u000a  id VARCHAR(50) NOT NULL,\u000a  name VARCHAR(50) NOT NULL,    PRIMARY KEY (id) )
INSERT INTO CLIENTS VALUES('7718e6bf-e525-4521-95bb-2a3e03ca9405','\u0418\u0432\u0430\u043d\u043e\u0432 \u0418\u0432\u0430\u043d \u0418\u0432\u0430\u043d\u043e\u0432\u0438\u0447','89179792313','DreIdf7@mail.ru',1231234,NULL)
COMMIT
INSERT INTO CLIENTS VALUES('3fdb850c-a04f-4d26-962c-b322d281876b','\u0421\u0435\u043c\u0435\u043d\u043e\u0432 \u0421\u0435\u043c\u0435\u043d \u0421\u0435\u043c\u0435\u043d\u043e\u0432\u0438\u0447','89339241213','33n0BId@mail.ru',12313,NULL)
COMMIT
INSERT INTO CREDITS VALUES('bf0cb87c-a84e-43ce-a230-5f7198394e5f',1000000,15,'1')
COMMIT
DELETE FROM CLIENTS WHERE ID='3fdb850c-a04f-4d26-962c-b322d281876b'
INSERT INTO CLIENTS VALUES('3fdb850c-a04f-4d26-962c-b322d281876b','\u0421\u0435\u043c\u0435\u043d\u043e\u0432 \u0421\u0435\u043c\u0435\u043d \u0421\u0435\u043c\u0435\u043d\u043e\u0432\u0438\u0447','89339241213','33n0BId@mail.ru',12313,'1b323d91-ef51-4de6-a0e2-9fb8999b0364')
COMMIT
DELETE FROM CREDITS WHERE ID='bf0cb87c-a84e-43ce-a230-5f7198394e5f'
INSERT INTO CREDITS VALUES('bf0cb87c-a84e-43ce-a230-5f7198394e5f',1000000,15,'1b323d91-ef51-4de6-a0e2-9fb8999b0364')
COMMIT
INSERT INTO BANKS VALUES('1b323d91-ef51-4de6-a0e2-9fb8999b0364','\u041f\u0435\u0440\u0432\u044b\u0439 \u0431\u0430\u043d\u043a')
COMMIT
INSERT INTO OFFERS VALUES('0daafe33-30d2-4111-9d15-e73072d82e5c','3fdb850c-a04f-4d26-962c-b322d281876b','bf0cb87c-a84e-43ce-a230-5f7198394e5f',12000)
COMMIT
INSERT INTO CREDITS VALUES('92104d5d-e548-4315-9d32-4d10927c723f',299,12,'1')
COMMIT
DELETE FROM CREDITS WHERE ID='92104d5d-e548-4315-9d32-4d10927c723f'
COMMIT
INSERT INTO CREDITS VALUES('790d41c6-31f3-49c4-8083-ff909f7e3fea',1000000,10,'1')
COMMIT
DELETE FROM CLIENTS WHERE ID='3fdb850c-a04f-4d26-962c-b322d281876b'
INSERT INTO CLIENTS VALUES('3fdb850c-a04f-4d26-962c-b322d281876b','\u0421\u0435\u043c\u0435\u043d\u043e\u0432 \u0421\u0435\u043c\u0435\u043d \u0421\u0435\u043c\u0435\u043d\u043e\u0432\u0438\u0447','89339241213','33n0BId@mail.ru',12313,'1b323d91-ef51-4de6-a0e2-9fb8999b0364')
COMMIT
DELETE FROM CREDITS WHERE ID='bf0cb87c-a84e-43ce-a230-5f7198394e5f'
INSERT INTO CREDITS VALUES('bf0cb87c-a84e-43ce-a230-5f7198394e5f',1000000,15,'1b323d91-ef51-4de6-a0e2-9fb8999b0364')
COMMIT
DELETE FROM CREDITS WHERE ID='790d41c6-31f3-49c4-8083-ff909f7e3fea'
INSERT INTO CREDITS VALUES('790d41c6-31f3-49c4-8083-ff909f7e3fea',1000000,10,'1b323d91-ef51-4de6-a0e2-9fb8999b0364')
COMMIT
DELETE FROM BANKS WHERE ID='1b323d91-ef51-4de6-a0e2-9fb8999b0364'
INSERT INTO BANKS VALUES('1b323d91-ef51-4de6-a0e2-9fb8999b0364','\u041f\u0435\u0440\u0432\u044b\u0439 \u0431\u0430\u043d\u043a')
COMMIT
